Determining if the pthread_create exist failed with the following output:
Change Dir: /home/ubuntu/Desktop/G4669vision2017/build/CMakeFiles/CMakeTmp

Run Build Command:"/usr/bin/make" "cmTC_27281/fast"
/usr/bin/make -f CMakeFiles/cmTC_27281.dir/build.make CMakeFiles/cmTC_27281.dir/build
make[1]: Entering directory '/home/ubuntu/Desktop/G4669vision2017/build/CMakeFiles/CMakeTmp'
Building C object CMakeFiles/cmTC_27281.dir/CheckSymbolExists.c.o
/usr/bin/cc    -fPIC    -o CMakeFiles/cmTC_27281.dir/CheckSymbolExists.c.o   -c /home/ubuntu/Desktop/G4669vision2017/build/CMakeFiles/CMakeTmp/CheckSymbolExists.c
Linking C executable cmTC_27281
/usr/bin/cmake -E cmake_link_script CMakeFiles/cmTC_27281.dir/link.txt --verbose=1
/usr/bin/cc  -fPIC     CMakeFiles/cmTC_27281.dir/CheckSymbolExists.c.o  -o cmTC_27281 -rdynamic 
CMakeFiles/cmTC_27281.dir/CheckSymbolExists.c.o: In function `main':
CheckSymbolExists.c:(.text+0x14): undefined reference to `pthread_create'
CheckSymbolExists.c:(.text+0x18): undefined reference to `pthread_create'
collect2: error: ld returned 1 exit status
CMakeFiles/cmTC_27281.dir/build.make:97: recipe for target 'cmTC_27281' failed
make[1]: *** [cmTC_27281] Error 1
make[1]: Leaving directory '/home/ubuntu/Desktop/G4669vision2017/build/CMakeFiles/CMakeTmp'
Makefile:126: recipe for target 'cmTC_27281/fast' failed
make: *** [cmTC_27281/fast] Error 2

File /home/ubuntu/Desktop/G4669vision2017/build/CMakeFiles/CMakeTmp/CheckSymbolExists.c:
/* */
#include <pthread.h>

int main(int argc, char** argv)
{
  (void)argv;
#ifndef pthread_create
  return ((int*)(&pthread_create))[argc];
#else
  (void)argc;
  return 0;
#endif
}

Determining if the function pthread_create exists in the pthreads failed with the following output:
Change Dir: /home/ubuntu/Desktop/G4669vision2017/build/CMakeFiles/CMakeTmp

Run Build Command:"/usr/bin/make" "cmTC_b8171/fast"
/usr/bin/make -f CMakeFiles/cmTC_b8171.dir/build.make CMakeFiles/cmTC_b8171.dir/build
make[1]: Entering directory '/home/ubuntu/Desktop/G4669vision2017/build/CMakeFiles/CMakeTmp'
Building C object CMakeFiles/cmTC_b8171.dir/CheckFunctionExists.c.o
/usr/bin/cc    -fPIC -DCHECK_FUNCTION_EXISTS=pthread_create   -o CMakeFiles/cmTC_b8171.dir/CheckFunctionExists.c.o   -c /usr/share/cmake-3.5/Modules/CheckFunctionExists.c
Linking C executable cmTC_b8171
/usr/bin/cmake -E cmake_link_script CMakeFiles/cmTC_b8171.dir/link.txt --verbose=1
/usr/bin/cc  -fPIC -DCHECK_FUNCTION_EXISTS=pthread_create    CMakeFiles/cmTC_b8171.dir/CheckFunctionExists.c.o  -o cmTC_b8171 -rdynamic -lpthreads 
/usr/bin/ld: cannot find -lpthreads
collect2: error: ld returned 1 exit status
CMakeFiles/cmTC_b8171.dir/build.make:97: recipe for target 'cmTC_b8171' failed
make[1]: *** [cmTC_b8171] Error 1
make[1]: Leaving directory '/home/ubuntu/Desktop/G4669vision2017/build/CMakeFiles/CMakeTmp'
Makefile:126: recipe for target 'cmTC_b8171/fast' failed
make: *** [cmTC_b8171/fast] Error 2


